
MUSCLE v3.8.1551 by Robert C. Edgar

http://www.drive5.com/muscle
This software is donated to the public domain.
Please cite: Edgar, R.C. Nucleic Acids Res 32(5), 1792-97.

Human_PAH_orthologues_translate 96 seqs, lengths min 92, max 581, avg 426
00:00:00    16 MB(-1%)  Iter   1    0.02%  K-mer dist pass 1
00:00:00    16 MB(-1%)  Iter   1   10.76%  K-mer dist pass 1
00:00:00    16 MB(-1%)  Iter   1   21.50%  K-mer dist pass 1
00:00:00    16 MB(-1%)  Iter   1   32.24%  K-mer dist pass 1
00:00:00    16 MB(-1%)  Iter   1   42.98%  K-mer dist pass 1
00:00:00    16 MB(-1%)  Iter   1   53.72%  K-mer dist pass 1
00:00:00    16 MB(-1%)  Iter   1   64.45%  K-mer dist pass 1
00:00:00    16 MB(-1%)  Iter   1   75.19%  K-mer dist pass 1
00:00:00    16 MB(-1%)  Iter   1   85.93%  K-mer dist pass 1
00:00:00    16 MB(-1%)  Iter   1   96.67%  K-mer dist pass 1
00:00:00    16 MB(-1%)  Iter   1  100.00%  K-mer dist pass 1
00:00:00    16 MB(-1%)  Iter   1    0.02%  K-mer dist pass 2
00:00:00    16 MB(-1%)  Iter   1   10.76%  K-mer dist pass 2
00:00:00    16 MB(-1%)  Iter   1   21.50%  K-mer dist pass 2
00:00:00    16 MB(-1%)  Iter   1   32.24%  K-mer dist pass 2
00:00:00    16 MB(-1%)  Iter   1   42.98%  K-mer dist pass 2
00:00:00    16 MB(-1%)  Iter   1   53.72%  K-mer dist pass 2
00:00:00    16 MB(-1%)  Iter   1   64.45%  K-mer dist pass 2
00:00:00    16 MB(-1%)  Iter   1   75.19%  K-mer dist pass 2
00:00:00    16 MB(-1%)  Iter   1   85.93%  K-mer dist pass 2
00:00:00    16 MB(-1%)  Iter   1   96.67%  K-mer dist pass 2
00:00:00    16 MB(-1%)  Iter   1  100.00%  K-mer dist pass 2
00:00:00    16 MB(-1%)  Iter   1    1.05%  Align node       
00:00:00    20 MB(-1%)  Iter   1    2.11%  Align node
00:00:00    21 MB(-1%)  Iter   1    3.16%  Align node
00:00:00    21 MB(-1%)  Iter   1    4.21%  Align node
00:00:00    21 MB(-1%)  Iter   1    5.26%  Align node
00:00:00    21 MB(-1%)  Iter   1    6.32%  Align node
00:00:00    21 MB(-1%)  Iter   1    7.37%  Align node
00:00:00    23 MB(-1%)  Iter   1    8.42%  Align node
00:00:00    23 MB(-1%)  Iter   1    9.47%  Align node
00:00:00    24 MB(-1%)  Iter   1   10.53%  Align node
00:00:00    24 MB(-2%)  Iter   1   11.58%  Align node
00:00:00    25 MB(-2%)  Iter   1   12.63%  Align node
00:00:00    25 MB(-2%)  Iter   1   13.68%  Align node
00:00:00    25 MB(-2%)  Iter   1   14.74%  Align node
00:00:00    25 MB(-2%)  Iter   1   15.79%  Align node
00:00:00    26 MB(-2%)  Iter   1   16.84%  Align node
00:00:00    26 MB(-2%)  Iter   1   17.89%  Align node
00:00:00    26 MB(-2%)  Iter   1   18.95%  Align node
00:00:00    27 MB(-2%)  Iter   1   20.00%  Align node
00:00:00    27 MB(-2%)  Iter   1   21.05%  Align node
00:00:00    27 MB(-2%)  Iter   1   22.11%  Align node
00:00:00    27 MB(-2%)  Iter   1   23.16%  Align node
00:00:00    27 MB(-2%)  Iter   1   24.21%  Align node
00:00:00    28 MB(-2%)  Iter   1   25.26%  Align node
00:00:00    28 MB(-2%)  Iter   1   26.32%  Align node
00:00:00    28 MB(-2%)  Iter   1   27.37%  Align node
00:00:00    28 MB(-2%)  Iter   1   28.42%  Align node
00:00:00    28 MB(-2%)  Iter   1   29.47%  Align node
00:00:00    29 MB(-2%)  Iter   1   30.53%  Align node
00:00:00    29 MB(-2%)  Iter   1   31.58%  Align node
00:00:00    29 MB(-2%)  Iter   1   32.63%  Align node
00:00:00    30 MB(-2%)  Iter   1   33.68%  Align node
00:00:00    30 MB(-2%)  Iter   1   34.74%  Align node
00:00:00    31 MB(-2%)  Iter   1   35.79%  Align node
00:00:00    31 MB(-2%)  Iter   1   36.84%  Align node
00:00:00    31 MB(-2%)  Iter   1   37.89%  Align node
00:00:00    31 MB(-2%)  Iter   1   38.95%  Align node
00:00:00    31 MB(-2%)  Iter   1   40.00%  Align node
00:00:00    32 MB(-2%)  Iter   1   41.05%  Align node
00:00:00    32 MB(-2%)  Iter   1   42.11%  Align node
00:00:00    32 MB(-2%)  Iter   1   43.16%  Align node
00:00:00    32 MB(-2%)  Iter   1   44.21%  Align node
00:00:00    33 MB(-2%)  Iter   1   45.26%  Align node
00:00:00    34 MB(-2%)  Iter   1   46.32%  Align node
00:00:00    34 MB(-2%)  Iter   1   47.37%  Align node
00:00:00    34 MB(-2%)  Iter   1   48.42%  Align node
00:00:00    34 MB(-2%)  Iter   1   49.47%  Align node
00:00:00    35 MB(-2%)  Iter   1   50.53%  Align node
00:00:00    35 MB(-2%)  Iter   1   51.58%  Align node
00:00:00    35 MB(-2%)  Iter   1   52.63%  Align node
00:00:00    35 MB(-2%)  Iter   1   53.68%  Align node
00:00:00    35 MB(-2%)  Iter   1   54.74%  Align node
00:00:00    35 MB(-2%)  Iter   1   55.79%  Align node
00:00:00    35 MB(-2%)  Iter   1   56.84%  Align node
00:00:00    36 MB(-2%)  Iter   1   57.89%  Align node
00:00:00    36 MB(-2%)  Iter   1   58.95%  Align node
00:00:00    36 MB(-2%)  Iter   1   60.00%  Align node
00:00:00    36 MB(-2%)  Iter   1   61.05%  Align node
00:00:00    36 MB(-2%)  Iter   1   62.11%  Align node
00:00:00    37 MB(-2%)  Iter   1   63.16%  Align node
00:00:00    37 MB(-2%)  Iter   1   64.21%  Align node
00:00:00    37 MB(-2%)  Iter   1   65.26%  Align node
00:00:00    37 MB(-2%)  Iter   1   66.32%  Align node
00:00:00    38 MB(-2%)  Iter   1   67.37%  Align node
00:00:00    38 MB(-2%)  Iter   1   68.42%  Align node
00:00:00    38 MB(-2%)  Iter   1   69.47%  Align node
00:00:00    38 MB(-2%)  Iter   1   70.53%  Align node
00:00:00    38 MB(-2%)  Iter   1   71.58%  Align node
00:00:00    38 MB(-2%)  Iter   1   72.63%  Align node
00:00:00    39 MB(-2%)  Iter   1   73.68%  Align node
00:00:00    40 MB(-2%)  Iter   1   74.74%  Align node
00:00:01    40 MB(-2%)  Iter   1   75.79%  Align node
00:00:01    40 MB(-3%)  Iter   1   76.84%  Align node
00:00:01    40 MB(-3%)  Iter   1   77.89%  Align node
00:00:01    40 MB(-3%)  Iter   1   78.95%  Align node
00:00:01    41 MB(-3%)  Iter   1   80.00%  Align node
00:00:01    41 MB(-3%)  Iter   1   81.05%  Align node
00:00:01    42 MB(-3%)  Iter   1   82.11%  Align node
00:00:01    42 MB(-3%)  Iter   1   83.16%  Align node
00:00:01    42 MB(-3%)  Iter   1   84.21%  Align node
00:00:01    42 MB(-3%)  Iter   1   85.26%  Align node
00:00:01    43 MB(-3%)  Iter   1   86.32%  Align node
00:00:01    43 MB(-3%)  Iter   1   87.37%  Align node
00:00:01    43 MB(-3%)  Iter   1   88.42%  Align node
00:00:01    43 MB(-3%)  Iter   1   89.47%  Align node
00:00:01    43 MB(-3%)  Iter   1   90.53%  Align node
00:00:01    43 MB(-3%)  Iter   1   91.58%  Align node
00:00:01    44 MB(-3%)  Iter   1   92.63%  Align node
00:00:01    44 MB(-3%)  Iter   1   93.68%  Align node
00:00:01    44 MB(-3%)  Iter   1   94.74%  Align node
00:00:01    44 MB(-3%)  Iter   1   95.79%  Align node
00:00:01    44 MB(-3%)  Iter   1   96.84%  Align node
00:00:01    45 MB(-3%)  Iter   1   97.89%  Align node
00:00:01    45 MB(-3%)  Iter   1   98.95%  Align node
00:00:01    45 MB(-3%)  Iter   1  100.00%  Align node
00:00:01    45 MB(-3%)  Iter   1  100.00%  Align node
00:00:01    45 MB(-3%)  Iter   1    1.04%  Root alignment
00:00:01    45 MB(-3%)  Iter   1    2.08%  Root alignment
00:00:01    45 MB(-3%)  Iter   1    3.12%  Root alignment
00:00:01    45 MB(-3%)  Iter   1    4.17%  Root alignment
00:00:01    45 MB(-3%)  Iter   1    5.21%  Root alignment
00:00:01    45 MB(-3%)  Iter   1    6.25%  Root alignment
00:00:01    45 MB(-3%)  Iter   1    7.29%  Root alignment
00:00:01    45 MB(-3%)  Iter   1    8.33%  Root alignment
00:00:01    45 MB(-3%)  Iter   1    9.38%  Root alignment
00:00:01    45 MB(-3%)  Iter   1   10.42%  Root alignment
00:00:01    45 MB(-3%)  Iter   1   11.46%  Root alignment
00:00:01    45 MB(-3%)  Iter   1   12.50%  Root alignment
00:00:01    45 MB(-3%)  Iter   1   13.54%  Root alignment
00:00:01    45 MB(-3%)  Iter   1   14.58%  Root alignment
00:00:01    45 MB(-3%)  Iter   1   15.62%  Root alignment
00:00:01    45 MB(-3%)  Iter   1   16.67%  Root alignment
00:00:01    45 MB(-3%)  Iter   1   17.71%  Root alignment
00:00:01    45 MB(-3%)  Iter   1   18.75%  Root alignment
00:00:01    45 MB(-3%)  Iter   1   19.79%  Root alignment
00:00:01    45 MB(-3%)  Iter   1   20.83%  Root alignment
00:00:01    45 MB(-3%)  Iter   1   21.88%  Root alignment
00:00:01    45 MB(-3%)  Iter   1   22.92%  Root alignment
00:00:01    45 MB(-3%)  Iter   1   23.96%  Root alignment
00:00:01    45 MB(-3%)  Iter   1   25.00%  Root alignment
00:00:01    45 MB(-3%)  Iter   1   26.04%  Root alignment
00:00:01    45 MB(-3%)  Iter   1   27.08%  Root alignment
00:00:01    45 MB(-3%)  Iter   1   28.12%  Root alignment
00:00:01    45 MB(-3%)  Iter   1   29.17%  Root alignment
00:00:01    45 MB(-3%)  Iter   1   30.21%  Root alignment
00:00:01    45 MB(-3%)  Iter   1   31.25%  Root alignment
00:00:01    45 MB(-3%)  Iter   1   32.29%  Root alignment
00:00:01    45 MB(-3%)  Iter   1   33.33%  Root alignment
00:00:01    45 MB(-3%)  Iter   1   34.38%  Root alignment
00:00:01    45 MB(-3%)  Iter   1   35.42%  Root alignment
00:00:01    45 MB(-3%)  Iter   1   36.46%  Root alignment
00:00:01    45 MB(-3%)  Iter   1   37.50%  Root alignment
00:00:01    45 MB(-3%)  Iter   1   38.54%  Root alignment
00:00:01    45 MB(-3%)  Iter   1   39.58%  Root alignment
00:00:01    45 MB(-3%)  Iter   1   40.62%  Root alignment
00:00:01    45 MB(-3%)  Iter   1   41.67%  Root alignment
00:00:01    45 MB(-3%)  Iter   1   42.71%  Root alignment
00:00:01    45 MB(-3%)  Iter   1   43.75%  Root alignment
00:00:01    45 MB(-3%)  Iter   1   44.79%  Root alignment
00:00:01    45 MB(-3%)  Iter   1   45.83%  Root alignment
00:00:01    45 MB(-3%)  Iter   1   46.88%  Root alignment
00:00:01    45 MB(-3%)  Iter   1   47.92%  Root alignment
00:00:01    45 MB(-3%)  Iter   1   48.96%  Root alignment
00:00:01    45 MB(-3%)  Iter   1   50.00%  Root alignment
00:00:01    45 MB(-3%)  Iter   1   51.04%  Root alignment
00:00:01    45 MB(-3%)  Iter   1   52.08%  Root alignment
00:00:01    45 MB(-3%)  Iter   1   53.12%  Root alignment
00:00:01    45 MB(-3%)  Iter   1   54.17%  Root alignment
00:00:01    45 MB(-3%)  Iter   1   55.21%  Root alignment
00:00:01    45 MB(-3%)  Iter   1   56.25%  Root alignment
00:00:01    45 MB(-3%)  Iter   1   57.29%  Root alignment
00:00:01    45 MB(-3%)  Iter   1   58.33%  Root alignment
00:00:01    45 MB(-3%)  Iter   1   59.38%  Root alignment
00:00:01    45 MB(-3%)  Iter   1   60.42%  Root alignment
00:00:01    45 MB(-3%)  Iter   1   61.46%  Root alignment
00:00:01    45 MB(-3%)  Iter   1   62.50%  Root alignment
00:00:01    45 MB(-3%)  Iter   1   63.54%  Root alignment
00:00:01    45 MB(-3%)  Iter   1   64.58%  Root alignment
00:00:01    45 MB(-3%)  Iter   1   65.62%  Root alignment
00:00:01    45 MB(-3%)  Iter   1   66.67%  Root alignment
00:00:01    45 MB(-3%)  Iter   1   67.71%  Root alignment
00:00:01    45 MB(-3%)  Iter   1   68.75%  Root alignment
00:00:01    45 MB(-3%)  Iter   1   69.79%  Root alignment
00:00:01    45 MB(-3%)  Iter   1   70.83%  Root alignment
00:00:01    45 MB(-3%)  Iter   1   71.88%  Root alignment
00:00:01    45 MB(-3%)  Iter   1   72.92%  Root alignment
00:00:01    45 MB(-3%)  Iter   1   73.96%  Root alignment
00:00:01    45 MB(-3%)  Iter   1   75.00%  Root alignment
00:00:01    45 MB(-3%)  Iter   1   76.04%  Root alignment
00:00:01    45 MB(-3%)  Iter   1   77.08%  Root alignment
00:00:01    45 MB(-3%)  Iter   1   78.12%  Root alignment
00:00:01    45 MB(-3%)  Iter   1   79.17%  Root alignment
00:00:01    45 MB(-3%)  Iter   1   80.21%  Root alignment
00:00:01    45 MB(-3%)  Iter   1   81.25%  Root alignment
00:00:01    45 MB(-3%)  Iter   1   82.29%  Root alignment
00:00:01    45 MB(-3%)  Iter   1   83.33%  Root alignment
00:00:01    45 MB(-3%)  Iter   1   84.38%  Root alignment
00:00:01    45 MB(-3%)  Iter   1   85.42%  Root alignment
00:00:01    45 MB(-3%)  Iter   1   86.46%  Root alignment
00:00:01    45 MB(-3%)  Iter   1   87.50%  Root alignment
00:00:01    45 MB(-3%)  Iter   1   88.54%  Root alignment
00:00:01    45 MB(-3%)  Iter   1   89.58%  Root alignment
00:00:01    45 MB(-3%)  Iter   1   90.62%  Root alignment
00:00:01    45 MB(-3%)  Iter   1   91.67%  Root alignment
00:00:01    45 MB(-3%)  Iter   1   92.71%  Root alignment
00:00:01    45 MB(-3%)  Iter   1   93.75%  Root alignment
00:00:01    45 MB(-3%)  Iter   1   94.79%  Root alignment
00:00:01    45 MB(-3%)  Iter   1   95.83%  Root alignment
00:00:01    45 MB(-3%)  Iter   1   96.88%  Root alignment
00:00:01    45 MB(-3%)  Iter   1   97.92%  Root alignment
00:00:01    45 MB(-3%)  Iter   1   98.96%  Root alignment
00:00:01    45 MB(-3%)  Iter   1  100.00%  Root alignment
00:00:01    45 MB(-3%)  Iter   1  100.00%  Root alignment
00:00:01    45 MB(-3%)  Iter   2    1.06%  Refine tree   
00:00:01    46 MB(-3%)  Iter   2    2.13%  Refine tree
00:00:01    46 MB(-3%)  Iter   2    3.19%  Refine tree
00:00:01    46 MB(-3%)  Iter   2    4.26%  Refine tree
00:00:01    46 MB(-3%)  Iter   2    5.32%  Refine tree
00:00:01    46 MB(-3%)  Iter   2    6.38%  Refine tree
00:00:01    46 MB(-3%)  Iter   2    7.45%  Refine tree
00:00:01    46 MB(-3%)  Iter   2    8.51%  Refine tree
00:00:01    46 MB(-3%)  Iter   2    9.57%  Refine tree
00:00:01    46 MB(-3%)  Iter   2   10.64%  Refine tree
00:00:01    46 MB(-3%)  Iter   2   11.70%  Refine tree
00:00:01    46 MB(-3%)  Iter   2   12.77%  Refine tree
00:00:01    46 MB(-3%)  Iter   2   13.83%  Refine tree
00:00:01    46 MB(-3%)  Iter   2   14.89%  Refine tree
00:00:01    46 MB(-3%)  Iter   2   15.96%  Refine tree
00:00:01    46 MB(-3%)  Iter   2   17.02%  Refine tree
00:00:01    46 MB(-3%)  Iter   2   18.09%  Refine tree
00:00:01    46 MB(-3%)  Iter   2   19.15%  Refine tree
00:00:01    46 MB(-3%)  Iter   2   20.21%  Refine tree
00:00:01    46 MB(-3%)  Iter   2   21.28%  Refine tree
00:00:01    46 MB(-3%)  Iter   2   22.34%  Refine tree
00:00:01    46 MB(-3%)  Iter   2   23.40%  Refine tree
00:00:01    46 MB(-3%)  Iter   2   24.47%  Refine tree
00:00:01    46 MB(-3%)  Iter   2   25.53%  Refine tree
00:00:01    46 MB(-3%)  Iter   2   26.60%  Refine tree
00:00:01    46 MB(-3%)  Iter   2   27.66%  Refine tree
00:00:01    46 MB(-3%)  Iter   2   28.72%  Refine tree
00:00:01    46 MB(-3%)  Iter   2   29.79%  Refine tree
00:00:01    46 MB(-3%)  Iter   2   30.85%  Refine tree
00:00:01    46 MB(-3%)  Iter   2   31.91%  Refine tree
00:00:01    46 MB(-3%)  Iter   2   32.98%  Refine tree
00:00:01    46 MB(-3%)  Iter   2   34.04%  Refine tree
00:00:01    46 MB(-3%)  Iter   2   35.11%  Refine tree
00:00:01    46 MB(-3%)  Iter   2   36.17%  Refine tree
00:00:01    46 MB(-3%)  Iter   2   37.23%  Refine tree
00:00:01    46 MB(-3%)  Iter   2   38.30%  Refine tree
00:00:01    46 MB(-3%)  Iter   2   39.36%  Refine tree
00:00:01    46 MB(-3%)  Iter   2   40.43%  Refine tree
00:00:01    46 MB(-3%)  Iter   2   41.49%  Refine tree
00:00:01    46 MB(-3%)  Iter   2   42.55%  Refine tree
00:00:01    46 MB(-3%)  Iter   2   43.62%  Refine tree
00:00:01    46 MB(-3%)  Iter   2   44.68%  Refine tree
00:00:01    46 MB(-3%)  Iter   2   45.74%  Refine tree
00:00:01    46 MB(-3%)  Iter   2   46.81%  Refine tree
00:00:01    46 MB(-3%)  Iter   2   47.87%  Refine tree
00:00:01    46 MB(-3%)  Iter   2   48.94%  Refine tree
00:00:01    46 MB(-3%)  Iter   2   50.00%  Refine tree
00:00:01    46 MB(-3%)  Iter   2   51.06%  Refine tree
00:00:01    46 MB(-3%)  Iter   2   52.13%  Refine tree
00:00:01    46 MB(-3%)  Iter   2   53.19%  Refine tree
00:00:01    46 MB(-3%)  Iter   2   54.26%  Refine tree
00:00:01    46 MB(-3%)  Iter   2   55.32%  Refine tree
00:00:01    46 MB(-3%)  Iter   2   56.38%  Refine tree
00:00:01    46 MB(-3%)  Iter   2   57.45%  Refine tree
00:00:01    46 MB(-3%)  Iter   2   58.51%  Refine tree
00:00:01    46 MB(-3%)  Iter   2   59.57%  Refine tree
00:00:01    46 MB(-3%)  Iter   2   60.64%  Refine tree
00:00:01    46 MB(-3%)  Iter   2   61.70%  Refine tree
00:00:01    46 MB(-3%)  Iter   2   62.77%  Refine tree
00:00:01    46 MB(-3%)  Iter   2   63.83%  Refine tree
00:00:01    46 MB(-3%)  Iter   2   64.89%  Refine tree
00:00:01    46 MB(-3%)  Iter   2   65.96%  Refine tree
00:00:01    46 MB(-3%)  Iter   2   67.02%  Refine tree
00:00:01    46 MB(-3%)  Iter   2   68.09%  Refine tree
00:00:01    46 MB(-3%)  Iter   2   69.15%  Refine tree
00:00:01    46 MB(-3%)  Iter   2   70.21%  Refine tree
00:00:01    46 MB(-3%)  Iter   2   71.28%  Refine tree
00:00:01    46 MB(-3%)  Iter   2   72.34%  Refine tree
00:00:01    46 MB(-3%)  Iter   2   73.40%  Refine tree
00:00:01    46 MB(-3%)  Iter   2   74.47%  Refine tree
00:00:01    46 MB(-3%)  Iter   2   75.53%  Refine tree
00:00:01    46 MB(-3%)  Iter   2   76.60%  Refine tree
00:00:01    46 MB(-3%)  Iter   2   77.66%  Refine tree
00:00:01    46 MB(-3%)  Iter   2   78.72%  Refine tree
00:00:01    46 MB(-3%)  Iter   2   79.79%  Refine tree
00:00:01    46 MB(-3%)  Iter   2   80.85%  Refine tree
00:00:01    46 MB(-3%)  Iter   2   81.91%  Refine tree
00:00:01    46 MB(-3%)  Iter   2   82.98%  Refine tree
00:00:01    46 MB(-3%)  Iter   2   84.04%  Refine tree
00:00:01    46 MB(-3%)  Iter   2  100.00%  Refine tree
00:00:01    46 MB(-3%)  Iter   2    1.04%  Root alignment
00:00:01    46 MB(-3%)  Iter   2    2.08%  Root alignment
00:00:01    46 MB(-3%)  Iter   2    3.12%  Root alignment
00:00:01    46 MB(-3%)  Iter   2    4.17%  Root alignment
00:00:01    46 MB(-3%)  Iter   2    5.21%  Root alignment
00:00:01    46 MB(-3%)  Iter   2    6.25%  Root alignment
00:00:01    46 MB(-3%)  Iter   2    7.29%  Root alignment
00:00:01    46 MB(-3%)  Iter   2    8.33%  Root alignment
00:00:01    46 MB(-3%)  Iter   2    9.38%  Root alignment
00:00:01    46 MB(-3%)  Iter   2   10.42%  Root alignment
00:00:01    46 MB(-3%)  Iter   2   11.46%  Root alignment
00:00:01    46 MB(-3%)  Iter   2   12.50%  Root alignment
00:00:01    46 MB(-3%)  Iter   2   13.54%  Root alignment
00:00:01    46 MB(-3%)  Iter   2   14.58%  Root alignment
00:00:01    46 MB(-3%)  Iter   2   15.62%  Root alignment
00:00:01    46 MB(-3%)  Iter   2   16.67%  Root alignment
00:00:01    46 MB(-3%)  Iter   2   17.71%  Root alignment
00:00:01    46 MB(-3%)  Iter   2   18.75%  Root alignment
00:00:01    46 MB(-3%)  Iter   2   19.79%  Root alignment
00:00:01    46 MB(-3%)  Iter   2   20.83%  Root alignment
00:00:01    46 MB(-3%)  Iter   2   21.88%  Root alignment
00:00:01    46 MB(-3%)  Iter   2   22.92%  Root alignment
00:00:01    46 MB(-3%)  Iter   2   23.96%  Root alignment
00:00:01    46 MB(-3%)  Iter   2   25.00%  Root alignment
00:00:01    46 MB(-3%)  Iter   2   26.04%  Root alignment
00:00:01    46 MB(-3%)  Iter   2   27.08%  Root alignment
00:00:01    46 MB(-3%)  Iter   2   28.12%  Root alignment
00:00:01    46 MB(-3%)  Iter   2   29.17%  Root alignment
00:00:01    46 MB(-3%)  Iter   2   30.21%  Root alignment
00:00:01    46 MB(-3%)  Iter   2   31.25%  Root alignment
00:00:01    46 MB(-3%)  Iter   2   32.29%  Root alignment
00:00:01    46 MB(-3%)  Iter   2   33.33%  Root alignment
00:00:01    46 MB(-3%)  Iter   2   34.38%  Root alignment
00:00:01    46 MB(-3%)  Iter   2   35.42%  Root alignment
00:00:01    46 MB(-3%)  Iter   2   36.46%  Root alignment
00:00:01    46 MB(-3%)  Iter   2   37.50%  Root alignment
00:00:01    46 MB(-3%)  Iter   2   38.54%  Root alignment
00:00:01    46 MB(-3%)  Iter   2   39.58%  Root alignment
00:00:01    46 MB(-3%)  Iter   2   40.62%  Root alignment
00:00:01    46 MB(-3%)  Iter   2   41.67%  Root alignment
00:00:01    46 MB(-3%)  Iter   2   42.71%  Root alignment
00:00:01    46 MB(-3%)  Iter   2   43.75%  Root alignment
00:00:01    46 MB(-3%)  Iter   2   44.79%  Root alignment
00:00:01    46 MB(-3%)  Iter   2   45.83%  Root alignment
00:00:01    46 MB(-3%)  Iter   2   46.88%  Root alignment
00:00:01    46 MB(-3%)  Iter   2   47.92%  Root alignment
00:00:01    46 MB(-3%)  Iter   2   48.96%  Root alignment
00:00:01    46 MB(-3%)  Iter   2   50.00%  Root alignment
00:00:01    46 MB(-3%)  Iter   2   51.04%  Root alignment
00:00:01    46 MB(-3%)  Iter   2   52.08%  Root alignment
00:00:01    46 MB(-3%)  Iter   2   53.12%  Root alignment
00:00:01    46 MB(-3%)  Iter   2   54.17%  Root alignment
00:00:01    46 MB(-3%)  Iter   2   55.21%  Root alignment
00:00:01    46 MB(-3%)  Iter   2   56.25%  Root alignment
00:00:01    46 MB(-3%)  Iter   2   57.29%  Root alignment
00:00:01    46 MB(-3%)  Iter   2   58.33%  Root alignment
00:00:01    46 MB(-3%)  Iter   2   59.38%  Root alignment
00:00:01    46 MB(-3%)  Iter   2   60.42%  Root alignment
00:00:01    46 MB(-3%)  Iter   2   61.46%  Root alignment
00:00:01    46 MB(-3%)  Iter   2   62.50%  Root alignment
00:00:01    46 MB(-3%)  Iter   2   63.54%  Root alignment
00:00:01    46 MB(-3%)  Iter   2   64.58%  Root alignment
00:00:01    46 MB(-3%)  Iter   2   65.62%  Root alignment
00:00:01    46 MB(-3%)  Iter   2   66.67%  Root alignment
00:00:01    46 MB(-3%)  Iter   2   67.71%  Root alignment
00:00:01    46 MB(-3%)  Iter   2   68.75%  Root alignment
00:00:01    46 MB(-3%)  Iter   2   69.79%  Root alignment
00:00:01    46 MB(-3%)  Iter   2   70.83%  Root alignment
00:00:01    46 MB(-3%)  Iter   2   71.88%  Root alignment
00:00:01    46 MB(-3%)  Iter   2   72.92%  Root alignment
00:00:01    46 MB(-3%)  Iter   2   73.96%  Root alignment
00:00:01    46 MB(-3%)  Iter   2   75.00%  Root alignment
00:00:01    46 MB(-3%)  Iter   2   76.04%  Root alignment
00:00:01    46 MB(-3%)  Iter   2   77.08%  Root alignment
00:00:01    46 MB(-3%)  Iter   2   78.12%  Root alignment
00:00:01    46 MB(-3%)  Iter   2   79.17%  Root alignment
00:00:01    46 MB(-3%)  Iter   2   80.21%  Root alignment
00:00:01    46 MB(-3%)  Iter   2   81.25%  Root alignment
00:00:01    46 MB(-3%)  Iter   2   82.29%  Root alignment
00:00:01    46 MB(-3%)  Iter   2   83.33%  Root alignment
00:00:01    46 MB(-3%)  Iter   2   84.38%  Root alignment
00:00:01    46 MB(-3%)  Iter   2   85.42%  Root alignment
00:00:01    46 MB(-3%)  Iter   2   86.46%  Root alignment
00:00:01    46 MB(-3%)  Iter   2   87.50%  Root alignment
00:00:01    46 MB(-3%)  Iter   2   88.54%  Root alignment
00:00:01    46 MB(-3%)  Iter   2   89.58%  Root alignment
00:00:01    46 MB(-3%)  Iter   2   90.62%  Root alignment
00:00:01    46 MB(-3%)  Iter   2   91.67%  Root alignment
00:00:01    46 MB(-3%)  Iter   2   92.71%  Root alignment
00:00:01    46 MB(-3%)  Iter   2   93.75%  Root alignment
00:00:01    46 MB(-3%)  Iter   2   94.79%  Root alignment
00:00:01    46 MB(-3%)  Iter   2   95.83%  Root alignment
00:00:01    46 MB(-3%)  Iter   2   96.88%  Root alignment
00:00:01    46 MB(-3%)  Iter   2   97.92%  Root alignment
00:00:01    46 MB(-3%)  Iter   2   98.96%  Root alignment
00:00:01    46 MB(-3%)  Iter   2  100.00%  Root alignment
00:00:01    46 MB(-3%)  Iter   2  100.00%  Root alignment
00:00:01    46 MB(-3%)  Iter   2  100.00%  Root alignment
00:00:01    46 MB(-3%)  Iter   3    1.06%  Refine biparts
00:00:01    46 MB(-3%)  Iter   3    1.59%  Refine biparts
00:00:01    46 MB(-3%)  Iter   3    2.12%  Refine biparts
00:00:01    46 MB(-3%)  Iter   3    2.65%  Refine biparts
00:00:01    46 MB(-3%)  Iter   3    3.17%  Refine biparts
00:00:01    46 MB(-3%)  Iter   3    3.70%  Refine biparts
00:00:01    46 MB(-3%)  Iter   3    4.23%  Refine biparts
00:00:01    46 MB(-3%)  Iter   3    4.76%  Refine biparts
00:00:01    46 MB(-3%)  Iter   3    5.29%  Refine biparts
00:00:01    46 MB(-3%)  Iter   3    5.82%  Refine biparts
00:00:01    46 MB(-3%)  Iter   3    6.35%  Refine biparts
00:00:01    46 MB(-3%)  Iter   3    6.88%  Refine biparts
00:00:01    46 MB(-3%)  Iter   3    7.41%  Refine biparts
00:00:01    46 MB(-3%)  Iter   3    7.94%  Refine biparts
00:00:01    46 MB(-3%)  Iter   3    8.47%  Refine biparts
00:00:01    46 MB(-3%)  Iter   3    8.99%  Refine biparts
00:00:01    46 MB(-3%)  Iter   3    9.52%  Refine biparts
00:00:01    46 MB(-3%)  Iter   3   10.05%  Refine biparts
00:00:01    46 MB(-3%)  Iter   3   10.58%  Refine biparts
00:00:01    46 MB(-3%)  Iter   3   11.11%  Refine biparts
00:00:01    46 MB(-3%)  Iter   3   11.64%  Refine biparts
00:00:01    46 MB(-3%)  Iter   3   12.17%  Refine biparts
00:00:01    46 MB(-3%)  Iter   3   12.70%  Refine biparts
00:00:01    46 MB(-3%)  Iter   3   13.23%  Refine biparts
00:00:01    46 MB(-3%)  Iter   3   13.76%  Refine biparts
00:00:01    46 MB(-3%)  Iter   3   14.29%  Refine biparts
00:00:01    46 MB(-3%)  Iter   3   14.81%  Refine biparts
00:00:01    46 MB(-3%)  Iter   3   15.34%  Refine biparts
00:00:01    46 MB(-3%)  Iter   3   15.87%  Refine biparts
00:00:01    46 MB(-3%)  Iter   3   16.40%  Refine biparts
00:00:01    46 MB(-3%)  Iter   3   16.93%  Refine biparts
00:00:01    46 MB(-3%)  Iter   3   17.46%  Refine biparts
00:00:01    46 MB(-3%)  Iter   3   17.99%  Refine biparts
00:00:01    46 MB(-3%)  Iter   3   18.52%  Refine biparts
00:00:01    46 MB(-3%)  Iter   3   19.05%  Refine biparts
00:00:01    46 MB(-3%)  Iter   3   19.58%  Refine biparts
00:00:01    46 MB(-3%)  Iter   3   20.11%  Refine biparts
00:00:01    46 MB(-3%)  Iter   3   20.63%  Refine biparts
00:00:01    46 MB(-3%)  Iter   3   21.16%  Refine biparts
00:00:01    46 MB(-3%)  Iter   3   21.69%  Refine biparts
00:00:01    46 MB(-3%)  Iter   3   22.22%  Refine biparts
00:00:01    46 MB(-3%)  Iter   3   22.75%  Refine biparts
00:00:01    46 MB(-3%)  Iter   3   23.28%  Refine biparts
00:00:01    46 MB(-3%)  Iter   3   23.81%  Refine biparts
00:00:01    46 MB(-3%)  Iter   3   24.34%  Refine biparts
00:00:01    46 MB(-3%)  Iter   3   24.87%  Refine biparts
00:00:01    46 MB(-3%)  Iter   3   25.40%  Refine biparts
00:00:01    46 MB(-3%)  Iter   3   25.93%  Refine biparts
00:00:01    46 MB(-3%)  Iter   3   26.46%  Refine biparts
00:00:02    46 MB(-3%)  Iter   3   26.98%  Refine biparts
00:00:02    46 MB(-3%)  Iter   3   27.51%  Refine biparts
00:00:02    46 MB(-3%)  Iter   3   28.04%  Refine biparts
00:00:02    46 MB(-3%)  Iter   3   28.57%  Refine biparts
00:00:02    46 MB(-3%)  Iter   3   29.10%  Refine biparts
00:00:02    46 MB(-3%)  Iter   3   29.63%  Refine biparts
00:00:02    46 MB(-3%)  Iter   3   30.16%  Refine biparts
00:00:02    46 MB(-3%)  Iter   3   30.69%  Refine biparts
00:00:02    46 MB(-3%)  Iter   3   31.22%  Refine biparts
00:00:02    46 MB(-3%)  Iter   3   31.75%  Refine biparts
00:00:02    46 MB(-3%)  Iter   3   32.28%  Refine biparts
00:00:02    46 MB(-3%)  Iter   3   32.80%  Refine biparts
00:00:02    46 MB(-3%)  Iter   3   33.33%  Refine biparts
00:00:02    46 MB(-3%)  Iter   3   33.86%  Refine biparts
00:00:02    46 MB(-3%)  Iter   3   34.39%  Refine biparts
00:00:02    46 MB(-3%)  Iter   3   34.92%  Refine biparts
00:00:02    46 MB(-3%)  Iter   3   35.45%  Refine biparts
00:00:02    46 MB(-3%)  Iter   3   35.98%  Refine biparts
00:00:02    46 MB(-3%)  Iter   3   36.51%  Refine biparts
00:00:02    46 MB(-3%)  Iter   3   37.04%  Refine biparts
00:00:02    46 MB(-3%)  Iter   3   37.57%  Refine biparts
00:00:02    46 MB(-3%)  Iter   3   38.10%  Refine biparts
00:00:02    46 MB(-3%)  Iter   3   38.62%  Refine biparts
00:00:02    46 MB(-3%)  Iter   3   39.15%  Refine biparts
00:00:02    46 MB(-3%)  Iter   3   39.68%  Refine biparts
00:00:02    46 MB(-3%)  Iter   3   40.21%  Refine biparts
00:00:02    46 MB(-3%)  Iter   3   40.74%  Refine biparts
00:00:02    46 MB(-3%)  Iter   3   41.27%  Refine biparts
00:00:02    46 MB(-3%)  Iter   3   41.80%  Refine biparts
00:00:02    46 MB(-3%)  Iter   3   42.33%  Refine biparts
00:00:02    46 MB(-3%)  Iter   3   42.86%  Refine biparts
00:00:02    46 MB(-3%)  Iter   3   43.39%  Refine biparts
00:00:02    46 MB(-3%)  Iter   3   43.92%  Refine biparts
00:00:02    46 MB(-3%)  Iter   3   44.44%  Refine biparts
00:00:02    46 MB(-3%)  Iter   3   44.97%  Refine biparts
00:00:02    46 MB(-3%)  Iter   3   45.50%  Refine biparts
00:00:02    46 MB(-3%)  Iter   3   46.03%  Refine biparts
00:00:02    46 MB(-3%)  Iter   3   46.56%  Refine biparts
00:00:02    46 MB(-3%)  Iter   3   47.09%  Refine biparts
00:00:02    46 MB(-3%)  Iter   3   47.62%  Refine biparts
00:00:02    46 MB(-3%)  Iter   3   48.15%  Refine biparts
00:00:02    46 MB(-3%)  Iter   3   48.68%  Refine biparts
00:00:02    46 MB(-3%)  Iter   3   49.21%  Refine biparts
00:00:02    46 MB(-3%)  Iter   3   49.74%  Refine biparts
00:00:02    46 MB(-3%)  Iter   3   50.26%  Refine biparts
00:00:02    46 MB(-3%)  Iter   3   50.79%  Refine biparts
00:00:02    46 MB(-3%)  Iter   3   51.32%  Refine biparts
00:00:02    46 MB(-3%)  Iter   3   51.85%  Refine biparts
00:00:02    46 MB(-3%)  Iter   3   52.38%  Refine biparts
00:00:02    46 MB(-3%)  Iter   3   52.91%  Refine biparts
00:00:02    46 MB(-3%)  Iter   3   53.44%  Refine biparts
00:00:02    46 MB(-3%)  Iter   3   53.97%  Refine biparts
00:00:02    46 MB(-3%)  Iter   3   54.50%  Refine biparts
00:00:02    46 MB(-3%)  Iter   3   55.03%  Refine biparts
00:00:02    46 MB(-3%)  Iter   3   55.56%  Refine biparts
00:00:02    46 MB(-3%)  Iter   3   56.08%  Refine biparts
00:00:02    46 MB(-3%)  Iter   3   56.61%  Refine biparts
00:00:02    46 MB(-3%)  Iter   3   57.14%  Refine biparts
00:00:02    46 MB(-3%)  Iter   3   57.67%  Refine biparts
00:00:02    46 MB(-3%)  Iter   3   58.20%  Refine biparts
00:00:02    46 MB(-3%)  Iter   3   58.73%  Refine biparts
00:00:02    46 MB(-3%)  Iter   3   59.26%  Refine biparts
00:00:02    46 MB(-3%)  Iter   3   59.79%  Refine biparts
00:00:02    46 MB(-3%)  Iter   3   60.32%  Refine biparts
00:00:02    46 MB(-3%)  Iter   3   60.85%  Refine biparts
00:00:02    46 MB(-3%)  Iter   3   61.38%  Refine biparts
00:00:02    46 MB(-3%)  Iter   3   61.90%  Refine biparts
00:00:02    46 MB(-3%)  Iter   3   62.43%  Refine biparts
00:00:02    46 MB(-3%)  Iter   3   62.96%  Refine biparts
00:00:02    46 MB(-3%)  Iter   3   63.49%  Refine biparts
00:00:02    46 MB(-3%)  Iter   3   64.02%  Refine biparts
00:00:02    46 MB(-3%)  Iter   3   64.55%  Refine biparts
00:00:02    46 MB(-3%)  Iter   3   65.08%  Refine biparts
00:00:02    46 MB(-3%)  Iter   3   65.61%  Refine biparts
00:00:02    46 MB(-3%)  Iter   3   66.14%  Refine biparts
00:00:02    46 MB(-3%)  Iter   3   66.67%  Refine biparts
00:00:02    46 MB(-3%)  Iter   3   67.20%  Refine biparts
00:00:02    46 MB(-3%)  Iter   3   67.72%  Refine biparts
00:00:02    46 MB(-3%)  Iter   3   68.25%  Refine biparts
00:00:02    46 MB(-3%)  Iter   3   68.78%  Refine biparts
00:00:02    46 MB(-3%)  Iter   3   69.31%  Refine biparts
00:00:02    46 MB(-3%)  Iter   3   69.84%  Refine biparts
00:00:02    46 MB(-3%)  Iter   3   70.37%  Refine biparts
00:00:02    46 MB(-3%)  Iter   3   70.90%  Refine biparts
00:00:02    46 MB(-3%)  Iter   3   71.43%  Refine biparts
00:00:02    46 MB(-3%)  Iter   3   71.96%  Refine biparts
00:00:02    46 MB(-3%)  Iter   3   72.49%  Refine biparts
00:00:03    46 MB(-3%)  Iter   3   73.02%  Refine biparts
00:00:03    46 MB(-3%)  Iter   3   73.54%  Refine biparts
00:00:03    46 MB(-3%)  Iter   3   74.07%  Refine biparts
00:00:03    46 MB(-3%)  Iter   3   74.60%  Refine biparts
00:00:03    46 MB(-3%)  Iter   3   75.13%  Refine biparts
00:00:03    46 MB(-3%)  Iter   3   75.66%  Refine biparts
00:00:03    46 MB(-3%)  Iter   3   76.19%  Refine biparts
00:00:03    46 MB(-3%)  Iter   3   76.72%  Refine biparts
00:00:03    46 MB(-3%)  Iter   3   77.25%  Refine biparts
00:00:03    46 MB(-3%)  Iter   3   77.78%  Refine biparts
00:00:03    46 MB(-3%)  Iter   3   78.31%  Refine biparts
00:00:03    46 MB(-3%)  Iter   3   78.84%  Refine biparts
00:00:03    46 MB(-3%)  Iter   3   79.37%  Refine biparts
00:00:03    46 MB(-3%)  Iter   3   79.89%  Refine biparts
00:00:03    46 MB(-3%)  Iter   3   80.42%  Refine biparts
00:00:03    46 MB(-3%)  Iter   3   80.95%  Refine biparts
00:00:03    46 MB(-3%)  Iter   3   81.48%  Refine biparts
00:00:03    46 MB(-3%)  Iter   3   82.01%  Refine biparts
00:00:03    46 MB(-3%)  Iter   3   82.54%  Refine biparts
00:00:03    46 MB(-3%)  Iter   3   83.07%  Refine biparts
00:00:03    46 MB(-3%)  Iter   3   83.60%  Refine biparts
00:00:03    46 MB(-3%)  Iter   3   84.13%  Refine biparts
00:00:03    46 MB(-3%)  Iter   3   84.66%  Refine biparts
00:00:03    46 MB(-3%)  Iter   3   85.19%  Refine biparts
00:00:03    46 MB(-3%)  Iter   3   85.71%  Refine biparts
00:00:03    46 MB(-3%)  Iter   3   86.24%  Refine biparts
00:00:03    46 MB(-3%)  Iter   3   86.77%  Refine biparts
00:00:03    46 MB(-3%)  Iter   3   87.30%  Refine biparts
00:00:03    46 MB(-3%)  Iter   3   87.83%  Refine biparts
00:00:03    46 MB(-3%)  Iter   3   88.36%  Refine biparts
00:00:03    46 MB(-3%)  Iter   3   88.89%  Refine biparts
00:00:03    46 MB(-3%)  Iter   3   89.42%  Refine biparts
00:00:03    46 MB(-3%)  Iter   3   89.95%  Refine biparts
00:00:03    46 MB(-3%)  Iter   3   90.48%  Refine biparts
00:00:03    46 MB(-3%)  Iter   3   91.01%  Refine biparts
00:00:03    46 MB(-3%)  Iter   3   91.53%  Refine biparts
00:00:03    46 MB(-3%)  Iter   3   92.06%  Refine biparts
00:00:03    46 MB(-3%)  Iter   3   92.59%  Refine biparts
00:00:03    46 MB(-3%)  Iter   3   93.12%  Refine biparts
00:00:03    46 MB(-3%)  Iter   3   93.65%  Refine biparts
00:00:03    46 MB(-3%)  Iter   3   94.18%  Refine biparts
00:00:03    46 MB(-3%)  Iter   3   94.71%  Refine biparts
00:00:03    46 MB(-3%)  Iter   3   95.24%  Refine biparts
00:00:03    46 MB(-3%)  Iter   3   95.77%  Refine biparts
00:00:03    46 MB(-3%)  Iter   3   96.30%  Refine biparts
00:00:03    46 MB(-3%)  Iter   3   96.83%  Refine biparts
00:00:03    46 MB(-3%)  Iter   3   97.35%  Refine biparts
00:00:03    46 MB(-3%)  Iter   3   97.88%  Refine biparts
00:00:03    46 MB(-3%)  Iter   3   98.41%  Refine biparts
00:00:03    46 MB(-3%)  Iter   3   98.94%  Refine biparts
00:00:03    46 MB(-3%)  Iter   3   99.47%  Refine biparts
00:00:03    46 MB(-3%)  Iter   3  100.00%  Refine biparts
00:00:03    46 MB(-3%)  Iter   3  100.53%  Refine biparts
00:00:03    46 MB(-3%)  Iter   3  100.00%  Refine biparts
00:00:03    46 MB(-3%)  Iter   4    1.06%  Refine biparts
00:00:03    46 MB(-3%)  Iter   4    1.59%  Refine biparts
00:00:03    46 MB(-3%)  Iter   4    2.12%  Refine biparts
00:00:03    46 MB(-3%)  Iter   4    2.65%  Refine biparts
00:00:03    46 MB(-3%)  Iter   4    3.17%  Refine biparts
00:00:03    46 MB(-3%)  Iter   4    3.70%  Refine biparts
00:00:03    46 MB(-3%)  Iter   4    4.23%  Refine biparts
00:00:03    46 MB(-3%)  Iter   4    4.76%  Refine biparts
00:00:03    46 MB(-3%)  Iter   4    5.29%  Refine biparts
00:00:03    46 MB(-3%)  Iter   4    5.82%  Refine biparts
00:00:03    46 MB(-3%)  Iter   4    6.35%  Refine biparts
00:00:03    46 MB(-3%)  Iter   4    6.88%  Refine biparts
00:00:03    46 MB(-3%)  Iter   4    7.41%  Refine biparts
00:00:03    46 MB(-3%)  Iter   4    7.94%  Refine biparts
00:00:03    46 MB(-3%)  Iter   4    8.47%  Refine biparts
00:00:03    46 MB(-3%)  Iter   4    8.99%  Refine biparts
00:00:03    46 MB(-3%)  Iter   4    9.52%  Refine biparts
00:00:03    46 MB(-3%)  Iter   4   10.05%  Refine biparts
00:00:03    46 MB(-3%)  Iter   4   10.58%  Refine biparts
00:00:03    46 MB(-3%)  Iter   4   11.11%  Refine biparts
00:00:03    46 MB(-3%)  Iter   4   11.64%  Refine biparts
00:00:03    46 MB(-3%)  Iter   4   12.17%  Refine biparts
00:00:03    46 MB(-3%)  Iter   4   12.70%  Refine biparts
00:00:03    46 MB(-3%)  Iter   4   13.23%  Refine biparts
00:00:04    46 MB(-3%)  Iter   4   13.76%  Refine biparts
00:00:04    46 MB(-3%)  Iter   4   14.29%  Refine biparts
00:00:04    46 MB(-3%)  Iter   4   14.81%  Refine biparts
00:00:04    46 MB(-3%)  Iter   4   15.34%  Refine biparts
00:00:04    46 MB(-3%)  Iter   4   15.87%  Refine biparts
00:00:04    46 MB(-3%)  Iter   4   16.40%  Refine biparts
00:00:04    46 MB(-3%)  Iter   4   16.93%  Refine biparts
00:00:04    46 MB(-3%)  Iter   4   17.46%  Refine biparts
00:00:04    46 MB(-3%)  Iter   4   17.99%  Refine biparts
00:00:04    46 MB(-3%)  Iter   4   18.52%  Refine biparts
00:00:04    46 MB(-3%)  Iter   4   19.05%  Refine biparts
00:00:04    46 MB(-3%)  Iter   4   19.58%  Refine biparts
00:00:04    46 MB(-3%)  Iter   4   20.11%  Refine biparts
00:00:04    46 MB(-3%)  Iter   4   20.63%  Refine biparts
00:00:04    46 MB(-3%)  Iter   4   21.16%  Refine biparts
00:00:04    46 MB(-3%)  Iter   4   21.69%  Refine biparts
00:00:04    46 MB(-3%)  Iter   4   22.22%  Refine biparts
00:00:04    46 MB(-3%)  Iter   4   22.75%  Refine biparts
00:00:04    46 MB(-3%)  Iter   4   23.28%  Refine biparts
00:00:04    46 MB(-3%)  Iter   4   23.81%  Refine biparts
00:00:04    46 MB(-3%)  Iter   4   24.34%  Refine biparts
00:00:04    46 MB(-3%)  Iter   4   24.87%  Refine biparts
00:00:04    46 MB(-3%)  Iter   4   25.40%  Refine biparts
00:00:04    46 MB(-3%)  Iter   4   25.93%  Refine biparts
00:00:04    46 MB(-3%)  Iter   4   26.46%  Refine biparts
00:00:04    46 MB(-3%)  Iter   4   26.98%  Refine biparts
00:00:04    46 MB(-3%)  Iter   4   27.51%  Refine biparts
00:00:04    46 MB(-3%)  Iter   4   28.04%  Refine biparts
00:00:04    46 MB(-3%)  Iter   4   28.57%  Refine biparts
00:00:04    46 MB(-3%)  Iter   4   29.10%  Refine biparts
00:00:04    46 MB(-3%)  Iter   4   29.63%  Refine biparts
00:00:04    46 MB(-3%)  Iter   4   30.16%  Refine biparts
00:00:04    46 MB(-3%)  Iter   4   30.69%  Refine biparts
00:00:04    46 MB(-3%)  Iter   4   31.22%  Refine biparts
00:00:04    46 MB(-3%)  Iter   4   31.75%  Refine biparts
00:00:04    46 MB(-3%)  Iter   4   32.28%  Refine biparts
00:00:04    46 MB(-3%)  Iter   4   32.80%  Refine biparts
00:00:04    46 MB(-3%)  Iter   4   33.33%  Refine biparts
00:00:04    46 MB(-3%)  Iter   4   33.86%  Refine biparts
00:00:04    46 MB(-3%)  Iter   4   34.39%  Refine biparts
00:00:04    46 MB(-3%)  Iter   4   34.92%  Refine biparts
00:00:04    46 MB(-3%)  Iter   4   35.45%  Refine biparts
00:00:04    46 MB(-3%)  Iter   4   35.98%  Refine biparts
00:00:04    46 MB(-3%)  Iter   4   36.51%  Refine biparts
00:00:04    46 MB(-3%)  Iter   4   37.04%  Refine biparts
00:00:04    46 MB(-3%)  Iter   4   37.57%  Refine biparts
00:00:04    46 MB(-3%)  Iter   4   38.10%  Refine biparts
00:00:04    46 MB(-3%)  Iter   4   38.62%  Refine biparts
00:00:04    46 MB(-3%)  Iter   4   39.15%  Refine biparts
00:00:04    46 MB(-3%)  Iter   4   39.68%  Refine biparts
00:00:04    46 MB(-3%)  Iter   4   40.21%  Refine biparts
00:00:04    46 MB(-3%)  Iter   4   40.74%  Refine biparts
00:00:04    46 MB(-3%)  Iter   4   41.27%  Refine biparts
00:00:04    46 MB(-3%)  Iter   4   41.80%  Refine biparts
00:00:04    46 MB(-3%)  Iter   4   42.33%  Refine biparts
00:00:04    46 MB(-3%)  Iter   4   42.86%  Refine biparts
00:00:04    46 MB(-3%)  Iter   4   43.39%  Refine biparts
00:00:04    46 MB(-3%)  Iter   4   43.92%  Refine biparts
00:00:04    46 MB(-3%)  Iter   4   44.44%  Refine biparts
00:00:04    46 MB(-3%)  Iter   4   44.97%  Refine biparts
00:00:04    46 MB(-3%)  Iter   4   45.50%  Refine biparts
00:00:04    46 MB(-3%)  Iter   4   46.03%  Refine biparts
00:00:04    46 MB(-3%)  Iter   4   46.56%  Refine biparts
00:00:04    46 MB(-3%)  Iter   4   47.09%  Refine biparts
00:00:04    46 MB(-3%)  Iter   4   47.62%  Refine biparts
00:00:04    46 MB(-3%)  Iter   4   48.15%  Refine biparts
00:00:04    46 MB(-3%)  Iter   4   48.68%  Refine biparts
00:00:04    46 MB(-3%)  Iter   4   49.21%  Refine biparts
00:00:04    46 MB(-3%)  Iter   4   49.74%  Refine biparts
00:00:04    46 MB(-3%)  Iter   4   50.26%  Refine biparts
00:00:04    46 MB(-3%)  Iter   4   50.79%  Refine biparts
00:00:04    46 MB(-3%)  Iter   4   51.32%  Refine biparts
00:00:04    46 MB(-3%)  Iter   4   51.85%  Refine biparts
00:00:04    46 MB(-3%)  Iter   4   52.38%  Refine biparts
00:00:04    46 MB(-3%)  Iter   4   52.91%  Refine biparts
00:00:04    46 MB(-3%)  Iter   4   53.44%  Refine biparts
00:00:04    46 MB(-3%)  Iter   4   53.97%  Refine biparts
00:00:04    46 MB(-3%)  Iter   4   54.50%  Refine biparts
00:00:04    46 MB(-3%)  Iter   4   55.03%  Refine biparts
00:00:04    46 MB(-3%)  Iter   4   55.56%  Refine biparts
00:00:04    46 MB(-3%)  Iter   4   56.08%  Refine biparts
00:00:04    46 MB(-3%)  Iter   4   56.61%  Refine biparts
00:00:04    46 MB(-3%)  Iter   4   57.14%  Refine biparts
00:00:04    46 MB(-3%)  Iter   4   57.67%  Refine biparts
00:00:04    46 MB(-3%)  Iter   4   58.20%  Refine biparts
00:00:04    46 MB(-3%)  Iter   4   58.73%  Refine biparts
00:00:04    46 MB(-3%)  Iter   4   59.26%  Refine biparts
00:00:04    46 MB(-3%)  Iter   4   59.79%  Refine biparts
00:00:04    46 MB(-3%)  Iter   4   60.32%  Refine biparts
00:00:04    46 MB(-3%)  Iter   4   60.85%  Refine biparts
00:00:04    46 MB(-3%)  Iter   4   61.38%  Refine biparts
00:00:04    46 MB(-3%)  Iter   4   61.90%  Refine biparts
00:00:04    46 MB(-3%)  Iter   4   62.43%  Refine biparts
00:00:05    46 MB(-3%)  Iter   4   62.96%  Refine biparts
00:00:05    46 MB(-3%)  Iter   4   63.49%  Refine biparts
00:00:05    46 MB(-3%)  Iter   4   64.02%  Refine biparts
00:00:05    46 MB(-3%)  Iter   4   64.55%  Refine biparts
00:00:05    46 MB(-3%)  Iter   4   65.08%  Refine biparts
00:00:05    46 MB(-3%)  Iter   4   65.61%  Refine biparts
00:00:05    46 MB(-3%)  Iter   4   66.14%  Refine biparts
00:00:05    46 MB(-3%)  Iter   4   66.67%  Refine biparts
00:00:05    46 MB(-3%)  Iter   4   67.20%  Refine biparts
00:00:05    46 MB(-3%)  Iter   4   67.72%  Refine biparts
00:00:05    46 MB(-3%)  Iter   4   68.25%  Refine biparts
00:00:05    46 MB(-3%)  Iter   4   68.78%  Refine biparts
00:00:05    46 MB(-3%)  Iter   4   69.31%  Refine biparts
00:00:05    46 MB(-3%)  Iter   4   69.84%  Refine biparts
00:00:05    46 MB(-3%)  Iter   4   70.37%  Refine biparts
00:00:05    46 MB(-3%)  Iter   4   70.90%  Refine biparts
00:00:05    46 MB(-3%)  Iter   4   71.43%  Refine biparts
00:00:05    46 MB(-3%)  Iter   4   71.96%  Refine biparts
00:00:05    46 MB(-3%)  Iter   4   72.49%  Refine biparts
00:00:05    46 MB(-3%)  Iter   4   73.02%  Refine biparts
00:00:05    46 MB(-3%)  Iter   4   73.54%  Refine biparts
00:00:05    46 MB(-3%)  Iter   4   74.07%  Refine biparts
00:00:05    46 MB(-3%)  Iter   4   74.60%  Refine biparts
00:00:05    46 MB(-3%)  Iter   4   75.13%  Refine biparts
00:00:05    46 MB(-3%)  Iter   4   75.66%  Refine biparts
00:00:05    46 MB(-3%)  Iter   4   76.19%  Refine biparts
00:00:05    46 MB(-3%)  Iter   4   76.72%  Refine biparts
00:00:05    46 MB(-3%)  Iter   4   77.25%  Refine biparts
00:00:05    46 MB(-3%)  Iter   4   77.78%  Refine biparts
00:00:05    46 MB(-3%)  Iter   4   78.31%  Refine biparts
00:00:05    46 MB(-3%)  Iter   4   78.84%  Refine biparts
00:00:05    46 MB(-3%)  Iter   4   79.37%  Refine biparts
00:00:05    46 MB(-3%)  Iter   4   79.89%  Refine biparts
00:00:05    46 MB(-3%)  Iter   4   80.42%  Refine biparts
00:00:05    46 MB(-3%)  Iter   4   80.95%  Refine biparts
00:00:05    46 MB(-3%)  Iter   4   81.48%  Refine biparts
00:00:05    46 MB(-3%)  Iter   4   82.01%  Refine biparts
00:00:05    46 MB(-3%)  Iter   4   82.54%  Refine biparts
00:00:05    46 MB(-3%)  Iter   4   83.07%  Refine biparts
00:00:05    46 MB(-3%)  Iter   4   83.60%  Refine biparts
00:00:05    46 MB(-3%)  Iter   4   84.13%  Refine biparts
00:00:05    46 MB(-3%)  Iter   4   84.66%  Refine biparts
00:00:05    46 MB(-3%)  Iter   4   85.19%  Refine biparts
00:00:05    46 MB(-3%)  Iter   4   85.71%  Refine biparts
00:00:05    46 MB(-3%)  Iter   4   86.24%  Refine biparts
00:00:05    46 MB(-3%)  Iter   4   86.77%  Refine biparts
00:00:05    46 MB(-3%)  Iter   4   87.30%  Refine biparts
00:00:05    46 MB(-3%)  Iter   4   87.83%  Refine biparts
00:00:05    46 MB(-3%)  Iter   4   88.36%  Refine biparts
00:00:05    46 MB(-3%)  Iter   4   88.89%  Refine biparts
00:00:05    46 MB(-3%)  Iter   4   89.42%  Refine biparts
00:00:05    46 MB(-3%)  Iter   4   89.95%  Refine biparts
00:00:05    46 MB(-3%)  Iter   4   90.48%  Refine biparts
00:00:05    46 MB(-3%)  Iter   4   91.01%  Refine biparts
00:00:05    46 MB(-3%)  Iter   4   91.53%  Refine biparts
00:00:05    46 MB(-3%)  Iter   4   92.06%  Refine biparts
00:00:05    46 MB(-3%)  Iter   4   92.59%  Refine biparts
00:00:05    46 MB(-3%)  Iter   4   93.12%  Refine biparts
00:00:05    46 MB(-3%)  Iter   4   93.65%  Refine biparts
00:00:05    46 MB(-3%)  Iter   4   94.18%  Refine biparts
00:00:05    46 MB(-3%)  Iter   4   94.71%  Refine biparts
00:00:05    46 MB(-3%)  Iter   4   95.24%  Refine biparts
00:00:05    46 MB(-3%)  Iter   4   95.77%  Refine biparts
00:00:05    46 MB(-3%)  Iter   4   96.30%  Refine biparts
00:00:05    46 MB(-3%)  Iter   4   96.83%  Refine biparts
00:00:05    46 MB(-3%)  Iter   4   97.35%  Refine biparts
00:00:05    46 MB(-3%)  Iter   4   97.88%  Refine biparts
00:00:05    46 MB(-3%)  Iter   4   98.41%  Refine biparts
00:00:05    46 MB(-3%)  Iter   4   98.94%  Refine biparts
00:00:05    46 MB(-3%)  Iter   4   99.47%  Refine biparts
00:00:05    46 MB(-3%)  Iter   4  100.00%  Refine biparts
00:00:05    46 MB(-3%)  Iter   4  100.53%  Refine biparts
00:00:05    46 MB(-3%)  Iter   4  100.00%  Refine biparts
00:00:05    46 MB(-3%)  Iter   5    1.06%  Refine biparts
00:00:05    46 MB(-3%)  Iter   5  100.00%  Refine biparts
00:00:05    46 MB(-3%)  Iter   5  100.00%  Refine biparts
