


 CLUSTAL 2.1 Multiple Sequence Alignments


Sequence format is Pearson
Sequence 1: YDR225W      132 aa
Sequence 2: YBL003C      132 aa
Sequence 3: YNL031C      136 aa
Sequence 4: YBR010W      136 aa
Sequence 5: YDR224C      131 aa
Sequence 6: YBR009C      103 aa
Sequence 7: YBL002W      131 aa
Sequence 8: YNL030W      103 aa
Start of Pairwise alignments
Aligning...

Sequences (1:2) Aligned. Score:  98
Sequences (1:3) Aligned. Score:  17
Sequences (1:4) Aligned. Score:  17
Sequences (1:5) Aligned. Score:  12
Sequences (1:6) Aligned. Score:  17
Sequences (1:7) Aligned. Score:  10
Sequences (1:8) Aligned. Score:  17
Sequences (2:3) Aligned. Score:  17
Sequences (2:4) Aligned. Score:  17
Sequences (2:5) Aligned. Score:  12
Sequences (2:6) Aligned. Score:  17
Sequences (2:7) Aligned. Score:  10
Sequences (2:8) Aligned. Score:  17
Sequences (3:4) Aligned. Score:  100
Sequences (3:5) Aligned. Score:  17
Sequences (3:6) Aligned. Score:  24
Sequences (3:7) Aligned. Score:  16
Sequences (3:8) Aligned. Score:  24
Sequences (4:5) Aligned. Score:  17
Sequences (4:6) Aligned. Score:  24
Sequences (4:7) Aligned. Score:  16
Sequences (4:8) Aligned. Score:  24
Sequences (5:6) Aligned. Score:  3
Sequences (5:7) Aligned. Score:  96
Sequences (5:8) Aligned. Score:  3
Sequences (6:7) Aligned. Score:  8
Sequences (6:8) Aligned. Score:  100
Sequences (7:8) Aligned. Score:  8
Guide tree file created:   [data/histones/histones_translated.dnd]

There are 7 groups
Start of Multiple Alignment

Aligning...
Group 1: Sequences:   2      Score:2793
Group 2: Sequences:   2      Score:2208
Group 3: Sequences:   2      Score:2895
Group 4: Sequences:   4      Score:834
Group 5: Sequences:   6      Score:791
Group 6: Sequences:   2      Score:2740
Group 7: Sequences:   8      Score:797
Alignment Score 2422

CLUSTAL-Alignment file created  [data/histones/histones_translated_clustalw.aln]

