
MUSCLE v3.8.1551 by Robert C. Edgar

http://www.drive5.com/muscle
This software is donated to the public domain.
Please cite: Edgar, R.C. Nucleic Acids Res 32(5), 1792-97.

histones_translated 8 seqs, lengths min 103, max 136, avg 125
00:00:00    16 MB(-1%)  Iter   1    2.78%  K-mer dist pass 1
00:00:00    16 MB(-1%)  Iter   1  100.00%  K-mer dist pass 1
00:00:00    16 MB(-1%)  Iter   1    2.78%  K-mer dist pass 2
00:00:00    16 MB(-1%)  Iter   1  100.00%  K-mer dist pass 2
00:00:00    16 MB(-1%)  Iter   1   14.29%  Align node       
00:00:00    17 MB(-1%)  Iter   1   28.57%  Align node
00:00:00    17 MB(-1%)  Iter   1   42.86%  Align node
00:00:00    17 MB(-1%)  Iter   1   57.14%  Align node
00:00:00    17 MB(-1%)  Iter   1   71.43%  Align node
00:00:00    17 MB(-1%)  Iter   1   85.71%  Align node
00:00:00    17 MB(-1%)  Iter   1  100.00%  Align node
00:00:00    17 MB(-1%)  Iter   1  100.00%  Align node
00:00:00    17 MB(-1%)  Iter   1   12.50%  Root alignment
00:00:00    17 MB(-1%)  Iter   1   25.00%  Root alignment
00:00:00    17 MB(-1%)  Iter   1   37.50%  Root alignment
00:00:00    17 MB(-1%)  Iter   1   50.00%  Root alignment
00:00:00    17 MB(-1%)  Iter   1   62.50%  Root alignment
00:00:00    17 MB(-1%)  Iter   1   75.00%  Root alignment
00:00:00    17 MB(-1%)  Iter   1   87.50%  Root alignment
00:00:00    17 MB(-1%)  Iter   1  100.00%  Root alignment
00:00:00    17 MB(-1%)  Iter   1  100.00%  Root alignment
00:00:00    18 MB(-1%)  Iter   2   16.67%  Refine tree   
00:00:00    18 MB(-1%)  Iter   2   33.33%  Refine tree
00:00:00    18 MB(-1%)  Iter   2  100.00%  Refine tree
00:00:00    18 MB(-1%)  Iter   2   12.50%  Root alignment
00:00:00    18 MB(-1%)  Iter   2   25.00%  Root alignment
00:00:00    18 MB(-1%)  Iter   2   37.50%  Root alignment
00:00:00    18 MB(-1%)  Iter   2   50.00%  Root alignment
00:00:00    18 MB(-1%)  Iter   2   62.50%  Root alignment
00:00:00    18 MB(-1%)  Iter   2   75.00%  Root alignment
00:00:00    18 MB(-1%)  Iter   2   87.50%  Root alignment
00:00:00    18 MB(-1%)  Iter   2  100.00%  Root alignment
00:00:00    18 MB(-1%)  Iter   2  100.00%  Root alignment
00:00:00    18 MB(-1%)  Iter   2  100.00%  Root alignment
00:00:00    18 MB(-1%)  Iter   3   15.38%  Refine biparts
00:00:00    18 MB(-1%)  Iter   3   23.08%  Refine biparts
00:00:00    18 MB(-1%)  Iter   3   30.77%  Refine biparts
00:00:00    18 MB(-1%)  Iter   3   38.46%  Refine biparts
00:00:00    18 MB(-1%)  Iter   3   46.15%  Refine biparts
00:00:00    18 MB(-1%)  Iter   3   53.85%  Refine biparts
00:00:00    18 MB(-1%)  Iter   3   61.54%  Refine biparts
00:00:00    18 MB(-1%)  Iter   3   69.23%  Refine biparts
00:00:00    18 MB(-1%)  Iter   3   76.92%  Refine biparts
00:00:00    18 MB(-1%)  Iter   3   84.62%  Refine biparts
00:00:00    18 MB(-1%)  Iter   3   92.31%  Refine biparts
00:00:00    18 MB(-1%)  Iter   3  100.00%  Refine biparts
00:00:00    18 MB(-1%)  Iter   3  107.69%  Refine biparts
00:00:00    18 MB(-1%)  Iter   3  100.00%  Refine biparts
00:00:00    18 MB(-1%)  Iter   4   15.38%  Refine biparts
00:00:00    18 MB(-1%)  Iter   4   23.08%  Refine biparts
00:00:00    18 MB(-1%)  Iter   4   30.77%  Refine biparts
00:00:00    18 MB(-1%)  Iter   4   38.46%  Refine biparts
00:00:00    18 MB(-1%)  Iter   4   46.15%  Refine biparts
00:00:00    18 MB(-1%)  Iter   4   53.85%  Refine biparts
00:00:00    18 MB(-1%)  Iter   4   61.54%  Refine biparts
00:00:00    18 MB(-1%)  Iter   4   69.23%  Refine biparts
00:00:00    18 MB(-1%)  Iter   4   76.92%  Refine biparts
00:00:00    18 MB(-1%)  Iter   4   84.62%  Refine biparts
00:00:00    18 MB(-1%)  Iter   4   92.31%  Refine biparts
00:00:00    18 MB(-1%)  Iter   4  100.00%  Refine biparts
00:00:00    18 MB(-1%)  Iter   4  107.69%  Refine biparts
00:00:00    18 MB(-1%)  Iter   4  100.00%  Refine biparts
00:00:00    18 MB(-1%)  Iter   5   15.38%  Refine biparts
00:00:00    18 MB(-1%)  Iter   5  100.00%  Refine biparts
00:00:00    18 MB(-1%)  Iter   5  100.00%  Refine biparts
